Android/app/YunShouYin/proguard/mapping.txt
com.cardinfolink.yunshouyin.activity.CaptureActivity -> com.cardinfolink.yunshouyin.activity.CaptureActivity:
    com.cardinfolink.yunshouyin.decoding.CaptureActivityHandler handler -> a
    com.cardinfolink.yunshouyin.view.ViewfinderView viewfinderView -> b
    boolean hasSurface -> c
    java.util.Vector decodeFormats -> d
    java.lang.String characterSet -> e
    com.cardinfolink.yunshouyin.decoding.InactivityTimer inactivityTimer -> f
    android.media.MediaPlayer mediaPlayer -> g
    boolean playBeep -> h
    boolean vibrate -> i
    android.content.Context mContext -> j
    android.os.Handler mHandler -> k
    com.cardinfolink.yunshouyin.view.TradingCustomDialog mCustomDialog -> l
    java.lang.String total -> m
    java.lang.String chcd -> n
    java.lang.String mOrderNum -> o
    com.cardinfolink.cashiersdk.model.ResultData mResultData -> p
    android.media.MediaPlayer$OnCompletionListener beepListener -> q
    void onCreate(android.os.Bundle) -> onCreate
    void initLayout() -> e
    void initListener() -> f
    void initHandler() -> a
    void onResume() -> onResume
    void onPause() -> onPause
    void onDestroy() -> onDestroy
    void initCamera(android.view.SurfaceHolder) -> a
    void surfaceChanged(android.view.SurfaceHolder,int,int,int) -> surfaceChanged
    void surfaceCreated(android.view.SurfaceHolder) -> surfaceCreated
    void surfaceDestroyed(android.view.SurfaceHolder) -> surfaceDestroyed
com.cardinfolink.yunshouyin.activity.CaptureActivity$1 -> com.cardinfolink.yunshouyin.activity.a:
    com.cardinfolink.yunshouyin.activity.CaptureActivity this$0 -> a
    void onCompletion(android.media.MediaPlayer) -> onCompletion
com.cardinfolink.yunshouyin.activity.CaptureActivity$2 -> com.cardinfolink.yunshouyin.activity.b:
    com.cardinfolink.yunshouyin.activity.CaptureActivity this$0 -> a
    void onClick(android.view.View) -> onClick
com.cardinfolink.yunshouyin.activity.CaptureActivity$3 -> com.cardinfolink.yunshouyin.activity.c:
    com.cardinfolink.yunshouyin.activity.CaptureActivity this$0 -> a
    void onClick(android.view.View) -> onClick
com.cardinfolink.yunshouyin.activity.CaptureActivity$4 -> com.cardinfolink.yunshouyin.activity.d:
    com.cardinfolink.yunshouyin.activity.CaptureActivity this$0 -> a
    void handleMessage(android.os.Message) -> handleMessage
    com.cardinfolink.yunshouyin.activity.CaptureActivity access$0(com.cardinfolink.yunshouyin.activity.CaptureActivity$4) -> a
com.cardinfolink.yunshouyin.activity.CaptureActivity$4$1 -> com.cardinfolink.yunshouyin.activity.e:
    com.cardinfolink.yunshouyin.activity.CaptureActivity$4 this$1 -> a
    void onResult(com.cardinfolink.cashiersdk.model.ResultData) -> a
    void onError(int) -> a
...
android.support.v4.content.Loader$OnLoadCompleteListener -> android.support.v4.content.h:
    void onLoadComplete(android.support.v4.content.Loader,java.lang.Object) -> a
android.support.v4.content.ModernAsyncTask -> android.support.v4.content.i:
    java.util.concurrent.ThreadFactory sThreadFactory -> a
    java.util.concurrent.BlockingQueue sPoolWorkQueue -> b
    java.util.concurrent.Executor THREAD_POOL_EXECUTOR -> d
    android.support.v4.content.ModernAsyncTask$InternalHandler sHandler -> c
    java.util.concurrent.Executor sDefaultExecutor -> e
    android.support.v4.content.ModernAsyncTask$WorkerRunnable mWorker -> f
    java.util.concurrent.FutureTask mFuture -> g
    android.support.v4.content.ModernAsyncTask$Status mStatus -> h
    java.util.concurrent.atomic.AtomicBoolean mTaskInvoked -> i
    void postResultIfNotInvoked(java.lang.Object) -> c
    java.lang.Object postResult(java.lang.Object) -> d
    java.lang.Object doInBackground(java.lang.Object[]) -> a
    void onPreExecute() -> b
    void onPostExecute(java.lang.Object) -> a
    void onProgressUpdate(java.lang.Object[]) -> b
    void onCancelled(java.lang.Object) -> b
    void onCancelled() -> a
    boolean isCancelled() -> c
    boolean cancel(boolean) -> a
    android.support.v4.content.ModernAsyncTask executeOnExecutor(java.util.concurrent.Executor,java.lang.Object[]) -> a
    void finish(java.lang.Object) -> e
    java.util.concurrent.atomic.AtomicBoolean access$200(android.support.v4.content.ModernAsyncTask) -> a
    java.lang.Object access$300(android.support.v4.content.ModernAsyncTask,java.lang.Object) -> a
android.support.v4.content.ModernAsyncTask$1 -> android.support.v4.content.j:
    java.util.concurrent.atomic.AtomicInteger mCount -> a
    java.lang.Thread newThread(java.lang.Runnable) -> newThread
android.support.v4.content.ModernAsyncTask$2 -> android.support.v4.content.k:
    android.support.v4.content.ModernAsyncTask this$0 -> a
    java.lang.Object call() -> call
android.support.v4.content.ModernAsyncTask$3 -> android.support.v4.content.l:
    android.support.v4.content.ModernAsyncTask this$0 -> a
    void done() -> done
android.support.v4.content.ModernAsyncTask$4 -> android.support.v4.content.m:
    int[] $SwitchMap$android$support$v4$content$ModernAsyncTask$Status -> a
android.support.v4.content.ModernAsyncTask$AsyncTaskResult -> android.support.v4.content.n:
    android.support.v4.content.ModernAsyncTask mTask -> a
    java.lang.Object[] mData -> b
android.support.v4.content.ModernAsyncTask$InternalHandler -> android.support.v4.content.o:
    void handleMessage(android.os.Message) -> handleMessage
android.support.v4.content.ModernAsyncTask$Status -> android.support.v4.content.p:
    android.support.v4.content.ModernAsyncTask$Status PENDING -> a
    android.support.v4.content.ModernAsyncTask$Status RUNNING -> b
    android.support.v4.content.ModernAsyncTask$Status FINISHED -> c
    android.support.v4.content.ModernAsyncTask$Status[] $VALUES -> d
    android.support.v4.content.ModernAsyncTask$Status[] values() -> values
    android.support.v4.content.ModernAsyncTask$Status valueOf(java.lang.String) -> valueOf
android.support.v4.content.ModernAsyncTask$WorkerRunnable -> android.support.v4.content.q:
    java.lang.Object[] mParams -> b
android.support.v4.content.WakefulBroadcastReceiver -> android.support.v4.content.WakefulBroadcastReceiver:
    android.util.SparseArray mActiveWakeLocks -> a
    int mNextId -> b
android.support.v4.internal.view.SupportMenu -> android.support.v4.internal.view.a:
android.support.v4.internal.view.SupportSubMenu -> android.support.v4.internal.view.SupportSubMenu:
android.support.v4.media.MediaMetadataCompat -> android.support.v4.media.MediaMetadataCompat:
    android.support.v4.util.ArrayMap METADATA_KEYS_TYPE -> a
    android.os.Bundle mBundle -> b
    android.os.Parcelable$Creator CREATOR -> CREATOR
    int describeContents() -> describeContents
    void writeToParcel(android.os.Parcel,int) -> writeToParcel